0 info it worked if it ends with ok
1 verbose cli [ 'node', '/usr/local/bin/npm', 'run-script', 'sup' ]
2 info using npm@1.3.26
3 info using node@v0.10.24
4 verbose run-script [ 'presup', 'sup', 'postsup' ]
5 info presup MadTags@0.1.0-3
6 info sup MadTags@0.1.0-3
7 verbose unsafe-perm in lifecycle true
8 info MadTags@0.1.0-3 Failed to exec sup script
9 error MadTags@0.1.0-3 sup: `supervisor -e js,json,html app.js`
9 error Exit status 8
10 error Failed at the MadTags@0.1.0-3 sup script.
10 error This is most likely a problem with the MadTags package,
10 error not with npm itself.
10 error Tell the author that this fails on your system:
10 error     supervisor -e js,json,html app.js
10 error You can get their info via:
10 error     npm owner ls MadTags
10 error There is likely additional logging output above.
11 error System Darwin 13.0.2
12 error command "node" "/usr/local/bin/npm" "run-script" "sup"
13 error cwd /Users/josh/WorkingCopies/madtags/nodejs
14 error node -v v0.10.24
15 error npm -v 1.3.26
16 error code ELIFECYCLE
17 verbose exit [ 1, true ]
